<?xml version="1.0" encoding="UTF-8"?>
<testng-results ignored="0" total="1" passed="1" failed="0" skipped="0">
  <reporter-output>
  </reporter-output>
  <suite started-at="2022-02-03T15:53:24 CET" name="Page Object Model with Page Factories" finished-at="2022-02-03T15:53:35 CET" duration-ms="10508">
    <groups>
    </groups>
    <test started-at="2022-02-03T15:53:24 CET" name="Login Test" finished-at="2022-02-03T15:53:35 CET" duration-ms="10508">
      <class name="com.ipa.testcases.LoginTest">
        <test-method signature="loginTest()[pri:0, instance:com.ipa.testcases.LoginTest@56cdfb3b]" started-at="2022-02-03T15:53:24 CET" name="loginTest" finished-at="2022-02-03T15:53:35 CET" duration-ms="10452" status="PASS">
          <reporter-output>
          </reporter-output>
        </test-method> <!-- loginTest -->
      </class> <!-- com.ipa.testcases.LoginTest -->
    </test> <!-- Login Test -->
  </suite> <!-- Page Object Model with Page Factories -->
</testng-results>
